20/07/2021 à 21:06:18  curl/7.75.0 /users/ GET
20/07/2021 à 21:06:19  curl/7.75.0 /users/ GET
20/07/2021 à 21:06:20  curl/7.75.0 /users/ GET
20/07/2021 à 21:06:23  curl/7.75.0 /users/55 GET
13/08/2021 à 14:27:52  curl/7.75.0 / GET
13/08/2021 à 14:27:59  curl/7.75.0 / GET
13/08/2021 à 14:40:08  curl/7.75.0 / GET
13/08/2021 à 14:40:12  curl/7.75.0 / GET
13/08/2021 à 14:40:21  curl/7.75.0 / GET
13/08/2021 à 14:41:16  Mozilla/5.0 (Windows NT 10.0; Win64; x64) AppleWebKit/537.36 (KHTML, like Gecko) Chrome/92.0.4515.107 Safari/537.36 / GET
13/08/2021 à 14:41:19  Mozilla/5.0 (Windows NT 10.0; Win64; x64) AppleWebKit/537.36 (KHTML, like Gecko) Chrome/92.0.4515.107 Safari/537.36 /favicon.ico GET
16/09/2021 à 18:23:46  curl/7.75.0 / GET
16/09/2021 à 18:23:57  curl/7.75.0 / GET
16/09/2021 à 18:24:18  curl/7.75.0 / GET
16/09/2021 à 18:24:36  curl/7.75.0 /users GET
16/09/2021 à 18:24:41  curl/7.75.0 /users GET
16/09/2021 à 18:28:12  curl/7.75.0 / GET
16/09/2021 à 18:28:16  curl/7.75.0 /users GET
16/09/2021 à 18:30:21  curl/7.75.0 /users/1 GET
16/09/2021 à 18:30:26  curl/7.75.0 /users/1/orders GET
16/09/2021 à 18:30:34  curl/7.75.0 /users GET
16/09/2021 à 18:34:51  curl/7.75.0 /users GET
06/10/2021 à 10:13:17  Mozilla/5.0 (Windows NT 10.0; Win64; x64; rv:92.0) Gecko/20100101 Firefox/92.0 / GET
06/10/2021 à 10:13:17  Mozilla/5.0 (Windows NT 10.0; Win64; x64; rv:92.0) Gecko/20100101 Firefox/92.0 /favicon.ico GET
06/10/2021 à 10:14:38  Mozilla/5.0 (Windows NT 10.0; Win64; x64; rv:92.0) Gecko/20100101 Firefox/92.0 /users GET
06/10/2021 à 10:14:42  Mozilla/5.0 (Windows NT 10.0; Win64; x64; rv:92.0) Gecko/20100101 Firefox/92.0 /users/1 GET
